Build started 11/2/2015 10:26:13 PM.
     1>Project "C:\Users\REGULUS\Desktop\REGULUS\proj.win32\Origami-core\Origami-core.vcxproj" on node 2 (Build target(s)).
     1>ClCompile:
         C:\Program Files (x86)\Microsoft Visual Studio 14.0\VC\bin\CL.exe /c /ZI /nologo /W3 /WX- /sdl /Od /Oy- /D GLEW_STATIC /D FT2_BUILD_LIBRARY /D O_TARGET_DESKTOP /D O_TARGET_DESKTOP_WIN32 /D O_MODE_DEBUG /D _CRT_SECURE_NO_WARNINGS /D _MBCS /Gm /EHsc /RTCu /MDd /GS /fp:precise /Zc:wchar_t /Zc:forScope /Zc:inline /Fo"C:\Users\REGULUS\Desktop\REGULUS\proj.win32\bin\Debug\intermediates\\" /Fd"C:\Users\REGULUS\Desktop\REGULUS\proj.win32\bin\Debug\intermediates\vc140.pdb" /Gd /TP /analyze- /errorReport:prompt ..\..\Origami\Core\Utils\ResourcesUtils.cpp
         ResourcesUtils.cpp
       Link:
         C:\Program Files (x86)\Microsoft Visual Studio 14.0\VC\bin\link.exe /ERRORREPORT:PROMPT /OUT:"C:\Users\REGULUS\Desktop\REGULUS\proj.win32\bin\Debug\Origami-core.exe" /INCREMENTAL /NOLOGO glfw3.lib glew32s.lib opengl32.lib kernel32.lib user32.lib gdi32.lib winspool.lib comdlg32.lib advapi32.lib shell32.lib ole32.lib oleaut32.lib uuid.lib odbc32.lib odbccp32.lib /MANIFEST /MANIFESTUAC:"level='asInvoker' uiAccess='false'" /manifest:embed /Debug /PDB:"C:\Users\REGULUS\Desktop\REGULUS\proj.win32\bin\Debug\Origami-core.pdb" /TLBID:1 /DYNAMICBASE /NXCOMPAT /IMPLIB:"C:\Users\REGULUS\Desktop\REGULUS\proj.win32\bin\Debug\Origami-core.lib" /MACHINE:X86 C:\Users\REGULUS\Desktop\REGULUS\proj.win32\bin\Debug\intermediates\OGame.obj
         C:\Users\REGULUS\Desktop\REGULUS\proj.win32\bin\Debug\intermediates\OApplication.obj
         C:\Users\REGULUS\Desktop\REGULUS\proj.win32\bin\Debug\intermediates\OCamera2D.obj
         C:\Users\REGULUS\Desktop\REGULUS\proj.win32\bin\Debug\intermediates\OSprite.obj
         C:\Users\REGULUS\Desktop\REGULUS\proj.win32\bin\Debug\intermediates\OFont.obj
         C:\Users\REGULUS\Desktop\REGULUS\proj.win32\bin\Debug\intermediates\OFontManager.obj
         C:\Users\REGULUS\Desktop\REGULUS\proj.win32\bin\Debug\intermediates\OLabel.obj
         C:\Users\REGULUS\Desktop\REGULUS\proj.win32\bin\Debug\intermediates\OLayer2D.obj
         C:\Users\REGULUS\Desktop\REGULUS\proj.win32\bin\Debug\intermediates\OLayer3D.obj
         C:\Users\REGULUS\Desktop\REGULUS\proj.win32\bin\Debug\intermediates\OWindow.obj
         C:\Users\REGULUS\Desktop\REGULUS\proj.win32\bin\Debug\intermediates\ORendererFactory.obj
         C:\Users\REGULUS\Desktop\REGULUS\proj.win32\bin\Debug\intermediates\ORendererSpriteBatch.obj
         C:\Users\REGULUS\Desktop\REGULUS\proj.win32\bin\Debug\intermediates\OScene.obj
         C:\Users\REGULUS\Desktop\REGULUS\proj.win32\bin\Debug\intermediates\OScenesManager.obj
         C:\Users\REGULUS\Desktop\REGULUS\proj.win32\bin\Debug\intermediates\OShader.obj
         C:\Users\REGULUS\Desktop\REGULUS\proj.win32\bin\Debug\intermediates\OSimple2DShader.obj
         C:\Users\REGULUS\Desktop\REGULUS\proj.win32\bin\Debug\intermediates\OInputsManager.obj
         C:\Users\REGULUS\Desktop\REGULUS\proj.win32\bin\Debug\intermediates\OMaths.obj
         C:\Users\REGULUS\Desktop\REGULUS\proj.win32\bin\Debug\intermediates\OApplicationDesktop.obj
         C:\Users\REGULUS\Desktop\REGULUS\proj.win32\bin\Debug\intermediates\OWindowDesktop.obj
         C:\Users\REGULUS\Desktop\REGULUS\proj.win32\bin\Debug\intermediates\OEException.obj
         C:\Users\REGULUS\Desktop\REGULUS\proj.win32\bin\Debug\intermediates\OResourceManager.obj
         C:\Users\REGULUS\Desktop\REGULUS\proj.win32\bin\Debug\intermediates\OTextureCache.obj
         C:\Users\REGULUS\Desktop\REGULUS\proj.win32\bin\Debug\intermediates\ResourcesUtils.obj
         C:\Users\REGULUS\Desktop\REGULUS\proj.win32\bin\Debug\intermediates\ShaderUtils.obj
         C:\Users\REGULUS\Desktop\REGULUS\proj.win32\bin\Debug\intermediates\TextureUtils.obj
         C:\Users\REGULUS\Desktop\REGULUS\proj.win32\bin\Debug\intermediates\platform.obj
         "C:\Users\REGULUS\Desktop\REGULUS\proj.win32\bin\Debug\intermediates\texture-atlas.obj"
         "C:\Users\REGULUS\Desktop\REGULUS\proj.win32\bin\Debug\intermediates\texture-font.obj"
         C:\Users\REGULUS\Desktop\REGULUS\proj.win32\bin\Debug\intermediates\vector.obj
         C:\Users\REGULUS\Desktop\REGULUS\proj.win32\bin\Debug\intermediates\autofit.obj
         C:\Users\REGULUS\Desktop\REGULUS\proj.win32\bin\Debug\intermediates\ftbase.obj
         C:\Users\REGULUS\Desktop\REGULUS\proj.win32\bin\Debug\intermediates\ftbbox.obj
         C:\Users\REGULUS\Desktop\REGULUS\proj.win32\bin\Debug\intermediates\ftbitmap.obj
         C:\Users\REGULUS\Desktop\REGULUS\proj.win32\bin\Debug\intermediates\ftfstype.obj
         C:\Users\REGULUS\Desktop\REGULUS\proj.win32\bin\Debug\intermediates\ftgasp.obj
         C:\Users\REGULUS\Desktop\REGULUS\proj.win32\bin\Debug\intermediates\ftglyph.obj
         C:\Users\REGULUS\Desktop\REGULUS\proj.win32\bin\Debug\intermediates\ftinit.obj
         C:\Users\REGULUS\Desktop\REGULUS\proj.win32\bin\Debug\intermediates\ftlcdfil.obj
         C:\Users\REGULUS\Desktop\REGULUS\proj.win32\bin\Debug\intermediates\ftstroke.obj
         C:\Users\REGULUS\Desktop\REGULUS\proj.win32\bin\Debug\intermediates\ftsystem.obj
         C:\Users\REGULUS\Desktop\REGULUS\proj.win32\bin\Debug\intermediates\fttype1.obj
         C:\Users\REGULUS\Desktop\REGULUS\proj.win32\bin\Debug\intermediates\ftxf86.obj
         C:\Users\REGULUS\Desktop\REGULUS\proj.win32\bin\Debug\intermediates\cff.obj
         C:\Users\REGULUS\Desktop\REGULUS\proj.win32\bin\Debug\intermediates\pshinter.obj
         C:\Users\REGULUS\Desktop\REGULUS\proj.win32\bin\Debug\intermediates\psnames.obj
         C:\Users\REGULUS\Desktop\REGULUS\proj.win32\bin\Debug\intermediates\ftraster.obj
         C:\Users\REGULUS\Desktop\REGULUS\proj.win32\bin\Debug\intermediates\ftrend1.obj
         C:\Users\REGULUS\Desktop\REGULUS\proj.win32\bin\Debug\intermediates\sfnt.obj
         C:\Users\REGULUS\Desktop\REGULUS\proj.win32\bin\Debug\intermediates\smooth.obj
         C:\Users\REGULUS\Desktop\REGULUS\proj.win32\bin\Debug\intermediates\truetype.obj
         C:\Users\REGULUS\Desktop\REGULUS\proj.win32\bin\Debug\intermediates\etc1_utils.obj
         C:\Users\REGULUS\Desktop\REGULUS\proj.win32\bin\Debug\intermediates\image_DXT.obj
         C:\Users\REGULUS\Desktop\REGULUS\proj.win32\bin\Debug\intermediates\image_helper.obj
         C:\Users\REGULUS\Desktop\REGULUS\proj.win32\bin\Debug\intermediates\SOIL2.obj
         C:\Users\REGULUS\Desktop\REGULUS\proj.win32\bin\Debug\intermediates\main.obj
         Origami-core.vcxproj -> C:\Users\REGULUS\Desktop\REGULUS\proj.win32\bin\Debug\Origami-core.exe
     1>Done Building Project "C:\Users\REGULUS\Desktop\REGULUS\proj.win32\Origami-core\Origami-core.vcxproj" (Build target(s)).

Build succeeded.

Time Elapsed 00:00:01.16
