c:\users\regulus\desktop\regulus\proj.win32\bin\debug\intermediates\vc140.pdb
c:\users\regulus\desktop\regulus\proj.win32\bin\debug\intermediates\vc140.idb
c:\users\regulus\desktop\regulus\proj.win32\bin\debug\intermediates\olayer2d.obj
c:\users\regulus\desktop\regulus\proj.win32\bin\debug\intermediates\olayer3d.obj
c:\users\regulus\desktop\regulus\proj.win32\bin\debug\intermediates\owindow.obj
c:\users\regulus\desktop\regulus\proj.win32\bin\debug\intermediates\orendererfactory.obj
c:\users\regulus\desktop\regulus\proj.win32\bin\debug\intermediates\orendererspritebatch.obj
c:\users\regulus\desktop\regulus\proj.win32\bin\debug\intermediates\oscene.obj
c:\users\regulus\desktop\regulus\proj.win32\bin\debug\intermediates\oscenesmanager.obj
c:\users\regulus\desktop\regulus\proj.win32\bin\debug\intermediates\oshader.obj
c:\users\regulus\desktop\regulus\proj.win32\bin\debug\intermediates\osimple2dshader.obj
c:\users\regulus\desktop\regulus\proj.win32\bin\debug\intermediates\oinputsmanager.obj
c:\users\regulus\desktop\regulus\proj.win32\bin\debug\intermediates\omaths.obj
c:\users\regulus\desktop\regulus\proj.win32\bin\debug\intermediates\oapplicationdesktop.obj
c:\users\regulus\desktop\regulus\proj.win32\bin\debug\intermediates\owindowdesktop.obj
c:\users\regulus\desktop\regulus\proj.win32\bin\debug\intermediates\oeexception.obj
c:\users\regulus\desktop\regulus\proj.win32\bin\debug\intermediates\oresourcemanager.obj
c:\users\regulus\desktop\regulus\proj.win32\bin\debug\intermediates\otexturecache.obj
c:\users\regulus\desktop\regulus\proj.win32\bin\debug\intermediates\resourcesutils.obj
c:\users\regulus\desktop\regulus\proj.win32\bin\debug\intermediates\shaderutils.obj
c:\users\regulus\desktop\regulus\proj.win32\bin\debug\intermediates\textureutils.obj
c:\users\regulus\desktop\regulus\proj.win32\bin\debug\intermediates\main.obj
c:\users\regulus\desktop\regulus\proj.win32\bin\debug\intermediates\ogame.obj
c:\users\regulus\desktop\regulus\proj.win32\bin\debug\intermediates\oapplication.obj
c:\users\regulus\desktop\regulus\proj.win32\bin\debug\intermediates\ocamera2d.obj
c:\users\regulus\desktop\regulus\proj.win32\bin\debug\intermediates\osprite.obj
c:\users\regulus\desktop\regulus\proj.win32\bin\debug\intermediates\ofont.obj
c:\users\regulus\desktop\regulus\proj.win32\bin\debug\intermediates\ofontmanager.obj
c:\users\regulus\desktop\regulus\proj.win32\bin\debug\intermediates\olabel.obj
c:\users\regulus\desktop\regulus\proj.win32\bin\debug\intermediates\ftgasp.obj
c:\users\regulus\desktop\regulus\proj.win32\bin\debug\intermediates\ftglyph.obj
c:\users\regulus\desktop\regulus\proj.win32\bin\debug\intermediates\ftinit.obj
c:\users\regulus\desktop\regulus\proj.win32\bin\debug\intermediates\ftlcdfil.obj
c:\users\regulus\desktop\regulus\proj.win32\bin\debug\intermediates\ftstroke.obj
c:\users\regulus\desktop\regulus\proj.win32\bin\debug\intermediates\ftsystem.obj
c:\users\regulus\desktop\regulus\proj.win32\bin\debug\intermediates\fttype1.obj
c:\users\regulus\desktop\regulus\proj.win32\bin\debug\intermediates\ftxf86.obj
c:\users\regulus\desktop\regulus\proj.win32\bin\debug\intermediates\cff.obj
c:\users\regulus\desktop\regulus\proj.win32\bin\debug\intermediates\pshinter.obj
c:\users\regulus\desktop\regulus\proj.win32\bin\debug\intermediates\psnames.obj
c:\users\regulus\desktop\regulus\proj.win32\bin\debug\intermediates\ftraster.obj
c:\users\regulus\desktop\regulus\proj.win32\bin\debug\intermediates\ftrend1.obj
c:\users\regulus\desktop\regulus\proj.win32\bin\debug\intermediates\sfnt.obj
c:\users\regulus\desktop\regulus\proj.win32\bin\debug\intermediates\smooth.obj
c:\users\regulus\desktop\regulus\proj.win32\bin\debug\intermediates\truetype.obj
c:\users\regulus\desktop\regulus\proj.win32\bin\debug\intermediates\etc1_utils.obj
c:\users\regulus\desktop\regulus\proj.win32\bin\debug\intermediates\image_dxt.obj
c:\users\regulus\desktop\regulus\proj.win32\bin\debug\intermediates\image_helper.obj
c:\users\regulus\desktop\regulus\proj.win32\bin\debug\intermediates\soil2.obj
c:\users\regulus\desktop\regulus\proj.win32\bin\debug\intermediates\platform.obj
c:\users\regulus\desktop\regulus\proj.win32\bin\debug\intermediates\texture-atlas.obj
c:\users\regulus\desktop\regulus\proj.win32\bin\debug\intermediates\texture-font.obj
c:\users\regulus\desktop\regulus\proj.win32\bin\debug\intermediates\vector.obj
c:\users\regulus\desktop\regulus\proj.win32\bin\debug\intermediates\autofit.obj
c:\users\regulus\desktop\regulus\proj.win32\bin\debug\intermediates\ftbase.obj
c:\users\regulus\desktop\regulus\proj.win32\bin\debug\intermediates\ftbbox.obj
c:\users\regulus\desktop\regulus\proj.win32\bin\debug\intermediates\ftbitmap.obj
c:\users\regulus\desktop\regulus\proj.win32\bin\debug\intermediates\ftfstype.obj
c:\users\regulus\desktop\regulus\proj.win32\bin\debug\origami-core.ilk
c:\users\regulus\desktop\regulus\proj.win32\bin\debug\origami-core.exe
c:\users\regulus\desktop\regulus\proj.win32\bin\debug\origami-core.pdb
c:\users\regulus\desktop\regulus\proj.win32\bin\debug\intermediates\origami-core.tlog\cl.command.1.tlog
c:\users\regulus\desktop\regulus\proj.win32\bin\debug\intermediates\origami-core.tlog\cl.read.1.tlog
c:\users\regulus\desktop\regulus\proj.win32\bin\debug\intermediates\origami-core.tlog\cl.write.1.tlog
c:\users\regulus\desktop\regulus\proj.win32\bin\debug\intermediates\origami-core.tlog\link.command.1.tlog
c:\users\regulus\desktop\regulus\proj.win32\bin\debug\intermediates\origami-core.tlog\link.read.1.tlog
c:\users\regulus\desktop\regulus\proj.win32\bin\debug\intermediates\origami-core.tlog\link.write.1.tlog
