c:\users\regulus\desktop\regulus\proj.win32\bin\release\intermediates\vc140.pdb
c:\users\regulus\desktop\regulus\proj.win32\bin\release\intermediates\owindowdesktop.obj
c:\users\regulus\desktop\regulus\proj.win32\bin\release\intermediates\oapplicationdesktop.obj
c:\users\regulus\desktop\regulus\proj.win32\bin\release\intermediates\omaths.obj
c:\users\regulus\desktop\regulus\proj.win32\bin\release\intermediates\oinputsmanager.obj
c:\users\regulus\desktop\regulus\proj.win32\bin\release\intermediates\osimple2dshader.obj
c:\users\regulus\desktop\regulus\proj.win32\bin\release\intermediates\oshader.obj
c:\users\regulus\desktop\regulus\proj.win32\bin\release\intermediates\oscenesmanager.obj
c:\users\regulus\desktop\regulus\proj.win32\bin\release\intermediates\oscene.obj
c:\users\regulus\desktop\regulus\proj.win32\bin\release\intermediates\orendererspritebatch.obj
c:\users\regulus\desktop\regulus\proj.win32\bin\release\intermediates\orendererfactory.obj
c:\users\regulus\desktop\regulus\proj.win32\bin\release\intermediates\owindow.obj
c:\users\regulus\desktop\regulus\proj.win32\bin\release\intermediates\olayer3d.obj
c:\users\regulus\desktop\regulus\proj.win32\bin\release\intermediates\olayer2d.obj
c:\users\regulus\desktop\regulus\proj.win32\bin\release\intermediates\olabel.obj
c:\users\regulus\desktop\regulus\proj.win32\bin\release\intermediates\ofontmanager.obj
c:\users\regulus\desktop\regulus\proj.win32\bin\release\intermediates\ofont.obj
c:\users\regulus\desktop\regulus\proj.win32\bin\release\intermediates\osprite.obj
c:\users\regulus\desktop\regulus\proj.win32\bin\release\intermediates\ocamera2d.obj
c:\users\regulus\desktop\regulus\proj.win32\bin\release\intermediates\oapplication.obj
c:\users\regulus\desktop\regulus\proj.win32\bin\release\intermediates\ogame.obj
c:\users\regulus\desktop\regulus\proj.win32\bin\release\intermediates\main.obj
c:\users\regulus\desktop\regulus\proj.win32\bin\release\intermediates\textureutils.obj
c:\users\regulus\desktop\regulus\proj.win32\bin\release\intermediates\shaderutils.obj
c:\users\regulus\desktop\regulus\proj.win32\bin\release\intermediates\resourcesutils.obj
c:\users\regulus\desktop\regulus\proj.win32\bin\release\intermediates\otexturecache.obj
c:\users\regulus\desktop\regulus\proj.win32\bin\release\intermediates\oresourcemanager.obj
c:\users\regulus\desktop\regulus\proj.win32\bin\release\intermediates\oeexception.obj
c:\users\regulus\desktop\regulus\proj.win32\bin\release\intermediates\psnames.obj
c:\users\regulus\desktop\regulus\proj.win32\bin\release\intermediates\pshinter.obj
c:\users\regulus\desktop\regulus\proj.win32\bin\release\intermediates\cff.obj
c:\users\regulus\desktop\regulus\proj.win32\bin\release\intermediates\ftxf86.obj
c:\users\regulus\desktop\regulus\proj.win32\bin\release\intermediates\fttype1.obj
c:\users\regulus\desktop\regulus\proj.win32\bin\release\intermediates\ftsystem.obj
c:\users\regulus\desktop\regulus\proj.win32\bin\release\intermediates\ftstroke.obj
c:\users\regulus\desktop\regulus\proj.win32\bin\release\intermediates\ftlcdfil.obj
c:\users\regulus\desktop\regulus\proj.win32\bin\release\intermediates\ftinit.obj
c:\users\regulus\desktop\regulus\proj.win32\bin\release\intermediates\ftglyph.obj
c:\users\regulus\desktop\regulus\proj.win32\bin\release\intermediates\ftgasp.obj
c:\users\regulus\desktop\regulus\proj.win32\bin\release\intermediates\ftfstype.obj
c:\users\regulus\desktop\regulus\proj.win32\bin\release\intermediates\ftbitmap.obj
c:\users\regulus\desktop\regulus\proj.win32\bin\release\intermediates\ftbbox.obj
c:\users\regulus\desktop\regulus\proj.win32\bin\release\intermediates\ftbase.obj
c:\users\regulus\desktop\regulus\proj.win32\bin\release\intermediates\autofit.obj
c:\users\regulus\desktop\regulus\proj.win32\bin\release\intermediates\vector.obj
c:\users\regulus\desktop\regulus\proj.win32\bin\release\intermediates\texture-font.obj
c:\users\regulus\desktop\regulus\proj.win32\bin\release\intermediates\texture-atlas.obj
c:\users\regulus\desktop\regulus\proj.win32\bin\release\intermediates\platform.obj
c:\users\regulus\desktop\regulus\proj.win32\bin\release\intermediates\soil2.obj
c:\users\regulus\desktop\regulus\proj.win32\bin\release\intermediates\image_helper.obj
c:\users\regulus\desktop\regulus\proj.win32\bin\release\intermediates\image_dxt.obj
c:\users\regulus\desktop\regulus\proj.win32\bin\release\intermediates\etc1_utils.obj
c:\users\regulus\desktop\regulus\proj.win32\bin\release\intermediates\truetype.obj
c:\users\regulus\desktop\regulus\proj.win32\bin\release\intermediates\smooth.obj
c:\users\regulus\desktop\regulus\proj.win32\bin\release\intermediates\sfnt.obj
c:\users\regulus\desktop\regulus\proj.win32\bin\release\intermediates\ftrend1.obj
c:\users\regulus\desktop\regulus\proj.win32\bin\release\intermediates\ftraster.obj
c:\users\regulus\desktop\regulus\proj.win32\bin\release\origami-core.exe
c:\users\regulus\desktop\regulus\proj.win32\bin\release\origami-core.ipdb
c:\users\regulus\desktop\regulus\proj.win32\bin\release\origami-core.iobj
c:\users\regulus\desktop\regulus\proj.win32\bin\release\origami-core.pdb
c:\users\regulus\desktop\regulus\proj.win32\bin\release\intermediates\origami-core.tlog\cl.command.1.tlog
c:\users\regulus\desktop\regulus\proj.win32\bin\release\intermediates\origami-core.tlog\cl.read.1.tlog
c:\users\regulus\desktop\regulus\proj.win32\bin\release\intermediates\origami-core.tlog\cl.write.1.tlog
c:\users\regulus\desktop\regulus\proj.win32\bin\release\intermediates\origami-core.tlog\link.command.1.tlog
c:\users\regulus\desktop\regulus\proj.win32\bin\release\intermediates\origami-core.tlog\link.read.1.tlog
c:\users\regulus\desktop\regulus\proj.win32\bin\release\intermediates\origami-core.tlog\link.write.1.tlog
